<?xml version="1.0" encoding="UTF-8"?>
<!-- Generated by org.testng.reporters.JUnitReportReporter -->
<testsuite skipped="1" hostname="Vikram-PC" name="com.imbb.testCases.TC02_UploadLogoTest" tests="1" failures="0" timestamp="20 Mar 2019 23:18:04 GMT" time="0.000" errors="0">
  <testcase name="uploadPicture" time="0.000" classname="com.imbb.testCases.TC02_UploadLogoTest">
    <skipped/>
  </testcase> <!-- uploadPicture -->
</testsuite> <!-- com.imbb.testCases.TC02_UploadLogoTest -->
